  About.cpp
  USBDevice.cpp
  USBLoader2App.cpp
  USBLoader2Main.cpp
C:\Users\Helge\source\repos\libusb\libusb\libusb.h(782,48): warning C4200: Nicht dem Standard entsprechende Erweiterung: Null-Array in Struktur/Union (Quelldatei wird kompiliert USBDevice.cpp)
C:\Users\Helge\source\repos\libusb\libusb\libusb.h(782,48): message : Dieser Member wird vom Standardkonstruktor oder Zuweisungsoperator für Kopieren/Verschieben ignoriert. (Quelldatei wird kompiliert USBDevice.cpp)
C:\Users\Helge\source\repos\libusb\libusb\libusb.h(807,79): warning C4200: Nicht dem Standard entsprechende Erweiterung: Null-Array in Struktur/Union (Quelldatei wird kompiliert USBDevice.cpp)
C:\Users\Helge\source\repos\libusb\libusb\libusb.h(807,79): message : Dieser Member wird vom Standardkonstruktor oder Zuweisungsoperator für Kopieren/Verschieben ignoriert. (Quelldatei wird kompiliert USBDevice.cpp)
C:\Users\Helge\source\repos\libusb\libusb\libusb.h(1270,71): warning C4200: Nicht dem Standard entsprechende Erweiterung: Null-Array in Struktur/Union (Quelldatei wird kompiliert USBDevice.cpp)
C:\Users\Helge\source\repos\libusb\libusb\libusb.h(1270,71): message : Dieser Member wird vom Standardkonstruktor oder Zuweisungsoperator für Kopieren/Verschieben ignoriert. (Quelldatei wird kompiliert USBDevice.cpp)
C:\Users\Helge\source\repos\Performance20\USBLoader2\About.cpp(20,78): warning C4100: "size": Unreferenzierter formaler Parameter
C:\Users\Helge\source\repos\Performance20\USBLoader2\About.cpp(20,60): warning C4100: "pos": Unreferenzierter formaler Parameter
C:\Users\Helge\source\repos\Performance20\USBLoader2\About.cpp(49,39): warning C4100: "event": Unreferenzierter formaler Parameter
C:\Users\Helge\source\repos\libusb\libusb\libusb.h(782,48): warning C4200: Nicht dem Standard entsprechende Erweiterung: Null-Array in Struktur/Union (Quelldatei wird kompiliert USBLoader2Main.cpp)
C:\Users\Helge\source\repos\libusb\libusb\libusb.h(782,48): message : Dieser Member wird vom Standardkonstruktor oder Zuweisungsoperator für Kopieren/Verschieben ignoriert. (Quelldatei wird kompiliert USBLoader2Main.cpp)
C:\Users\Helge\source\repos\libusb\libusb\libusb.h(807,79): warning C4200: Nicht dem Standard entsprechende Erweiterung: Null-Array in Struktur/Union (Quelldatei wird kompiliert USBLoader2Main.cpp)
C:\Users\Helge\source\repos\libusb\libusb\libusb.h(807,79): message : Dieser Member wird vom Standardkonstruktor oder Zuweisungsoperator für Kopieren/Verschieben ignoriert. (Quelldatei wird kompiliert USBLoader2Main.cpp)
C:\Users\Helge\source\repos\libusb\libusb\libusb.h(1270,71): warning C4200: Nicht dem Standard entsprechende Erweiterung: Null-Array in Struktur/Union (Quelldatei wird kompiliert USBLoader2Main.cpp)
C:\Users\Helge\source\repos\libusb\libusb\libusb.h(1270,71): message : Dieser Member wird vom Standardkonstruktor oder Zuweisungsoperator für Kopieren/Verschieben ignoriert. (Quelldatei wird kompiliert USBLoader2Main.cpp)
C:\Users\Helge\source\repos\libusb\libusb\libusb.h(782,48): warning C4200: Nicht dem Standard entsprechende Erweiterung: Null-Array in Struktur/Union (Quelldatei wird kompiliert USBLoader2App.cpp)
C:\Users\Helge\source\repos\libusb\libusb\libusb.h(782,48): message : Dieser Member wird vom Standardkonstruktor oder Zuweisungsoperator für Kopieren/Verschieben ignoriert. (Quelldatei wird kompiliert USBLoader2App.cpp)
C:\Users\Helge\source\repos\libusb\libusb\libusb.h(807,79): warning C4200: Nicht dem Standard entsprechende Erweiterung: Null-Array in Struktur/Union (Quelldatei wird kompiliert USBLoader2App.cpp)
C:\Users\Helge\source\repos\libusb\libusb\libusb.h(807,79): message : Dieser Member wird vom Standardkonstruktor oder Zuweisungsoperator für Kopieren/Verschieben ignoriert. (Quelldatei wird kompiliert USBLoader2App.cpp)
C:\Users\Helge\source\repos\libusb\libusb\libusb.h(1270,71): warning C4200: Nicht dem Standard entsprechende Erweiterung: Null-Array in Struktur/Union (Quelldatei wird kompiliert USBLoader2App.cpp)
C:\Users\Helge\source\repos\libusb\libusb\libusb.h(1270,71): message : Dieser Member wird vom Standardkonstruktor oder Zuweisungsoperator für Kopieren/Verschieben ignoriert. (Quelldatei wird kompiliert USBLoader2App.cpp)
C:\Users\Helge\source\repos\Performance20\USBLoader2\USBDevice.cpp(182,53): warning C4100: "level": Unreferenzierter formaler Parameter
C:\Users\Helge\source\repos\Performance20\USBLoader2\USBDevice.cpp(254,61): warning C4100: "level": Unreferenzierter formaler Parameter
C:\Users\Helge\source\repos\Performance20\USBLoader2\USBDevice.cpp(742,88): warning C4100: "size": Unreferenzierter formaler Parameter
C:\Users\Helge\source\repos\Performance20\USBLoader2\USBDevice.cpp(764,88): warning C4100: "size": Unreferenzierter formaler Parameter
C:\Users\Helge\source\repos\Performance20\USBLoader2\USBLoader2Main.cpp(397,63): warning C4100: "id": Unreferenzierter formaler Parameter
C:\Users\Helge\source\repos\Performance20\USBLoader2\USBLoader2Main.cpp(1440,46): warning C4100: "event": Unreferenzierter formaler Parameter
C:\Users\Helge\source\repos\Performance20\USBLoader2\USBLoader2Main.cpp(1445,47): warning C4100: "event": Unreferenzierter formaler Parameter
C:\Users\Helge\source\repos\Performance20\USBLoader2\USBLoader2Main.cpp(1453,55): warning C4100: "event": Unreferenzierter formaler Parameter
C:\Users\Helge\source\repos\Performance20\USBLoader2\USBLoader2Main.cpp(1518,51): warning C4100: "event": Unreferenzierter formaler Parameter
C:\Users\Helge\source\repos\Performance20\USBLoader2\USBLoader2Main.cpp(1665,69): warning C4100: "event": Unreferenzierter formaler Parameter
C:\Users\Helge\source\repos\Performance20\USBLoader2\USBLoader2Main.cpp(1675,53): warning C4100: "event": Unreferenzierter formaler Parameter
C:\Users\Helge\source\repos\Performance20\USBLoader2\USBLoader2Main.cpp(1822,52): warning C4100: "event": Unreferenzierter formaler Parameter
C:\Users\Helge\source\repos\Performance20\USBLoader2\USBLoader2Main.cpp(1827,53): warning C4100: "event": Unreferenzierter formaler Parameter
C:\Users\Helge\source\repos\Performance20\USBLoader2\USBLoader2Main.cpp(1849,54): warning C4100: "event": Unreferenzierter formaler Parameter
C:\Users\Helge\source\repos\Performance20\USBLoader2\USBLoader2Main.cpp(1875,56): warning C4100: "event": Unreferenzierter formaler Parameter
C:\Users\Helge\source\repos\Performance20\USBLoader2\USBLoader2Main.cpp(1929,52): warning C4100: "event": Unreferenzierter formaler Parameter
C:\Users\Helge\source\repos\Performance20\USBLoader2\USBLoader2Main.cpp(1944,64): warning C4100: "event": Unreferenzierter formaler Parameter
C:\Users\Helge\source\repos\Performance20\USBLoader2\USBLoader2Main.cpp(2147,67): warning C4100: "event": Unreferenzierter formaler Parameter
C:\Users\Helge\source\repos\Performance20\USBLoader2\USBLoader2Main.cpp(2489,66): warning C4100: "event": Unreferenzierter formaler Parameter
  USBLoader2.vcxproj -> C:\Users\Helge\source\repos\Performance20\USBLoader2\x64\Release\UsbLoader2.exe
  LIBUSB DLL holen
  0 Datei(en) kopiert
