c:\users\helge\source\repos\performance20\usbloader2\vc_mswu_x64\dialogs\usbloader2app.nativecodeanalysis.sarif
c:\users\helge\source\repos\performance20\usbloader2\vc_mswu_x64\dialogs\usbloader2app.nativecodeanalysis.xml
c:\users\helge\source\repos\performance20\usbloader2\vc_mswu_x64\dialogs\usbloader2app.obj
c:\users\helge\source\repos\performance20\usbloader2\vc_mswu_x64\dialogs\about.nativecodeanalysis.sarif
c:\users\helge\source\repos\performance20\usbloader2\vc_mswu_x64\dialogs\about.nativecodeanalysis.xml
c:\users\helge\source\repos\performance20\usbloader2\vc_mswu_x64\dialogs\about.obj
c:\users\helge\source\repos\performance20\usbloader2\vc_mswu_x64\dialogs\usbdevice.nativecodeanalysis.sarif
c:\users\helge\source\repos\performance20\usbloader2\vc_mswu_x64\dialogs\usbdevice.nativecodeanalysis.xml
c:\users\helge\source\repos\performance20\usbloader2\vc_mswu_x64\dialogs\usbdevice.obj
c:\users\helge\source\repos\performance20\usbloader2\vc_mswu_x64\dialogs\usbloader2main.nativecodeanalysis.sarif
c:\users\helge\source\repos\performance20\usbloader2\vc_mswu_x64\dialogs\usbloader2main.nativecodeanalysis.xml
c:\users\helge\source\repos\performance20\usbloader2\vc_mswu_x64\dialogs\usbloader2main.obj
c:\users\helge\source\repos\performance20\usbloader2\vc_mswu_x64\dialogs.pdb
c:\users\helge\source\repos\performance20\usbloader2\x64\release\usbloader2.exe
c:\users\helge\source\repos\performance20\usbloader2\x64\release\vc.nativecodeanalysis.all.xml
c:\users\helge\source\repos\performance20\usbloader2\x64\release\usbloader2.tlog\cl.11092.write.1.tlog
c:\users\helge\source\repos\performance20\usbloader2\x64\release\usbloader2.tlog\cl.command.1.tlog
c:\users\helge\source\repos\performance20\usbloader2\x64\release\usbloader2.tlog\cl.read.1.tlog
c:\users\helge\source\repos\performance20\usbloader2\x64\release\usbloader2.tlog\link.command.1.tlog
c:\users\helge\source\repos\performance20\usbloader2\x64\release\usbloader2.tlog\link.read.1.tlog
c:\users\helge\source\repos\performance20\usbloader2\x64\release\usbloader2.tlog\link.write.1.tlog
